Arguments: 
  /usr/local/bin/node /opt/yarn-v1.22.19/bin/yarn.js install

PATH: 
  /usr/local/share/nvm/current/bin:/usr/local/share/npm-global/bin:/usr/local/sbin:/usr/local/bin:/usr/sbin:/usr/bin:/sbin:/bin:/root/.local/bin

Yarn version: 
  1.22.19

Node version: 
  20.11.1

Platform: 
  linux x64

Trace: 
  Error: ENOENT: no such file or directory, open '/root/.cache/yarn/v6/npm-underscore-1.12.1-7bb8cc9b3d397e201cf8553336d262544ead829e-integrity/node_modules/underscore/.yarn-tarball.tgz'

npm manifest: 
  {
    "name": "react",
    "version": "1.0.0",
    "description": "",
    "keywords": [],
    "main": "src/index.tsx",
    "dependencies": {
      "react": "^18.0.0",
      "react-dom": "^18.0.0",
      "react-scripts": "^5.0.0"
    },
    "devDependencies": {
      "@types/react": "18.2.38",
      "@types/react-dom": "18.2.15",
      "loader-utils": "3.2.1",
      "typescript": "4.4.4"
    },
    "scripts": {
      "start": "react-scripts start",
      "build": "react-scripts build",
      "test": "react-scripts test --env=jsdom",
      "eject": "react-scripts eject"
    },
    "browserslist": [">0.2%", "not dead", "not ie <= 11", "not op_mini all"]
  }

yarn manifest: 
  No manifest

Lockfile: 
  No lockfile
